<?xml version="1.0" encoding="UTF-8"?>
<!-- Generated by org.testng.reporters.JUnitReportReporter -->
<testsuite skipped="0" hostname="Shirlines-MacBook-Air.local" name="com.KPNSf.runner.TestNgRunner" tests="2" failures="0" timestamp="2021-03-15T01:43:06 CET" time="245.901" errors="0">
  <testcase name="runScenario" time="149.850" classname="com.KPNSf.runner.TestNgRunner"/>
  <system-out/>
  <testcase name="runScenario" time="96.051" classname="com.KPNSf.runner.TestNgRunner"/>
  <system-out/>
</testsuite> <!-- com.KPNSf.runner.TestNgRunner -->
